[[1;34mINFO[m] Scanning for projects...
[[1;34mINFO[m] 
[[1;34mINFO[m] [1m-------------------< [0;36mcom.elitecom:elitecom-backend[0;1m >--------------------[m
[[1;34mINFO[m] [1mBuilding EliteCom Backend 1.0.0[m
[[1;34mINFO[m] [1m--------------------------------[ jar ]---------------------------------[m
[[1;34mINFO[m] 
[[1;34mINFO[m] [1m>>> [0;32mspring-boot-maven-plugin:3.2.0:run[m [1m(default-cli)[0;1m > [0;1mtest-compile[m @ [36melitecom-backend[0;1m >>>[m
[[1;34mINFO[m] 
[[1;34mINFO[m] [1m--- [0;32mmaven-resources-plugin:3.3.1:resources[m [1m(default-resources)[m @ [36melitecom-backend[0;1m ---[m
[[1;34mINFO[m] Copying 1 resource from src/main/resources to target/classes
[[1;34mINFO[m] Copying 2 resources from src/main/resources to target/classes
[[1;34mINFO[m] 
[[1;34mINFO[m] [1m--- [0;32mmaven-compiler-plugin:3.11.0:compile[m [1m(default-compile)[m @ [36melitecom-backend[0;1m ---[m
[[1;34mINFO[m] Nothing to compile - all classes are up to date
[[1;34mINFO[m] 
[[1;34mINFO[m] [1m--- [0;32mmaven-resources-plugin:3.3.1:testResources[m [1m(default-testResources)[m @ [36melitecom-backend[0;1m ---[m
[[1;34mINFO[m] skip non existing resourceDirectory /home/aitronix/Downloads/elitecom-backend/src/test/resources
[[1;34mINFO[m] 
[[1;34mINFO[m] [1m--- [0;32mmaven-compiler-plugin:3.11.0:testCompile[m [1m(default-testCompile)[m @ [36melitecom-backend[0;1m ---[m
[[1;34mINFO[m] Nothing to compile - all classes are up to date
[[1;34mINFO[m] 
[[1;34mINFO[m] [1m<<< [0;32mspring-boot-maven-plugin:3.2.0:run[m [1m(default-cli)[0;1m < [0;1mtest-compile[m @ [36melitecom-backend[0;1m <<<[m
[[1;34mINFO[m] 
[[1;34mINFO[m] 
[[1;34mINFO[m] [1m--- [0;32mspring-boot-maven-plugin:3.2.0:run[m [1m(default-cli)[m @ [36melitecom-backend[0;1m ---[m
[[1;34mINFO[m] Attaching agents: []

  .   ____          _            __ _ _
 /\\ / ___'_ __ _ _(_)_ __  __ _ \ \ \ \
( ( )\___ | '_ | '_| | '_ \/ _` | \ \ \ \
 \\/  ___)| |_)| | | | | || (_| |  ) ) ) )
  '  |____| .__|_| |_|_| |_\__, | / / / /
 =========|_|==============|___/=/_/_/_/
 :: Spring Boot ::                (v3.2.0)

2025-08-31T22:40:03.363+02:00  INFO 16538 --- [           main] c.e.backend.ElitecomBackendApplication   : Starting ElitecomBackendApplication using Java 17.0.16 with PID 16538 (/home/aitronix/Downloads/elitecom-backend/target/classes started by aitronix in /home/aitronix/Downloads/elitecom-backend)
2025-08-31T22:40:03.365+02:00 DEBUG 16538 --- [           main] c.e.backend.ElitecomBackendApplication   : Running with Spring Boot v3.2.0, Spring v6.1.1
2025-08-31T22:40:03.366+02:00  INFO 16538 --- [           main] c.e.backend.ElitecomBackendApplication   : No active profile set, falling back to 1 default profile: "default"
2025-08-31T22:40:03.749+02:00  INFO 16538 --- [           main] .s.d.r.c.RepositoryConfigurationDelegate : Bootstrapping Spring Data JPA repositories in DEFAULT mode.
2025-08-31T22:40:03.782+02:00  INFO 16538 --- [           main] .s.d.r.c.RepositoryConfigurationDelegate : Finished Spring Data repository scanning in 28 ms. Found 1 JPA repository interface.
2025-08-31T22:40:04.105+02:00  INFO 16538 --- [           main] o.s.b.w.embedded.tomcat.TomcatWebServer  : Tomcat initialized with port 8080 (http)
2025-08-31T22:40:04.111+02:00  INFO 16538 --- [           main] o.apache.catalina.core.StandardService   : Starting service [Tomcat]
2025-08-31T22:40:04.111+02:00  INFO 16538 --- [           main] o.apache.catalina.core.StandardEngine    : Starting Servlet engine: [Apache Tomcat/10.1.16]
2025-08-31T22:40:04.151+02:00  INFO 16538 --- [           main] o.a.c.c.C.[Tomcat].[localhost].[/api]    : Initializing Spring embedded WebApplicationContext
2025-08-31T22:40:04.157+02:00  INFO 16538 --- [           main] w.s.c.ServletWebServerApplicationContext : Root WebApplicationContext: initialization completed in 755 ms
2025-08-31T22:40:04.176+02:00  INFO 16538 --- [           main] com.zaxxer.hikari.HikariDataSource       : HikariPool-1 - Starting...
2025-08-31T22:40:04.308+02:00  INFO 16538 --- [           main] com.zaxxer.hikari.pool.HikariPool        : HikariPool-1 - Added connection conn0: url=jdbc:h2:file:./data/elitecom user=SA
2025-08-31T22:40:04.309+02:00  INFO 16538 --- [           main] com.zaxxer.hikari.HikariDataSource       : HikariPool-1 - Start completed.
2025-08-31T22:40:04.316+02:00  INFO 16538 --- [           main] o.s.b.a.h2.H2ConsoleAutoConfiguration    : H2 console available at '/h2-console'. Database available at 'jdbc:h2:file:./data/elitecom'
2025-08-31T22:40:04.391+02:00  INFO 16538 --- [           main] o.hibernate.jpa.internal.util.LogHelper  : HHH000204: Processing PersistenceUnitInfo [name: default]
2025-08-31T22:40:04.419+02:00  INFO 16538 --- [           main] org.hibernate.Version                    : HHH000412: Hibernate ORM core version 6.3.1.Final
2025-08-31T22:40:04.437+02:00  INFO 16538 --- [           main] o.h.c.internal.RegionFactoryInitiator    : HHH000026: Second-level cache disabled
2025-08-31T22:40:04.576+02:00  INFO 16538 --- [           main] o.s.o.j.p.SpringPersistenceUnitInfo      : No LoadTimeWeaver setup: ignoring JPA class transformer
2025-08-31T22:40:04.601+02:00  WARN 16538 --- [           main] org.hibernate.orm.deprecation            : HHH90000025: H2Dialect does not need to be specified explicitly using 'hibernate.dialect' (remove the property setting and it will be selected by default)
2025-08-31T22:40:05.061+02:00  INFO 16538 --- [           main] o.h.e.t.j.p.i.JtaPlatformInitiator       : HHH000489: No JTA platform available (set 'hibernate.transaction.jta.platform' to enable JTA platform integration)
2025-08-31T22:40:05.089+02:00  INFO 16538 --- [           main] j.LocalContainerEntityManagerFactoryBean : Initialized JPA EntityManagerFactory for persistence unit 'default'
2025-08-31T22:40:05.304+02:00  WARN 16538 --- [           main] JpaBaseConfiguration$JpaWebConfiguration : spring.jpa.open-in-view is enabled by default. Therefore, database queries may be performed during view rendering. Explicitly configure spring.jpa.open-in-view to disable this warning
2025-08-31T22:40:05.314+02:00  WARN 16538 --- [           main] .s.s.UserDetailsServiceAutoConfiguration : 

Using generated security password: 26c5c1d6-b3dd-41aa-acc0-2b2f54c1252a

This generated password is for development use only. Your security configuration must be updated before running your application in production.

2025-08-31T22:40:05.466+02:00  INFO 16538 --- [           main] o.s.s.web.DefaultSecurityFilterChain     : Will secure any request with [org.springframework.security.web.session.DisableEncodeUrlFilter@21084a6d, org.springframework.security.web.context.request.async.WebAsyncManagerIntegrationFilter@c3114ea, org.springframework.security.web.context.SecurityContextHolderFilter@6a26eee6, org.springframework.security.web.header.HeaderWriterFilter@4a7ac98b, org.springframework.web.filter.CorsFilter@642d971f, org.springframework.security.web.authentication.logout.LogoutFilter@357e7113, org.springframework.security.web.savedrequest.RequestCacheAwareFilter@76bdfc19, org.springframework.security.web.servletapi.SecurityContextHolderAwareRequestFilter@1248f83, org.springframework.security.web.authentication.AnonymousAuthenticationFilter@2afe825a, org.springframework.security.web.session.SessionManagementFilter@2a317af7, org.springframework.security.web.access.ExceptionTranslationFilter@76c85485, org.springframework.security.web.access.intercept.AuthorizationFilter@35630ee8]
2025-08-31T22:40:05.642+02:00  INFO 16538 --- [           main] o.s.b.w.embedded.tomcat.TomcatWebServer  : Tomcat started on port 8080 (http) with context path '/api'
2025-08-31T22:40:05.652+02:00  INFO 16538 --- [           main] c.e.backend.ElitecomBackendApplication   : Started ElitecomBackendApplication in 2.514 seconds (process running for 2.697)
Hibernate: 
    select
        u1_0.id,
        u1_0.address,
        u1_0.created_at,
        u1_0.domain,
        u1_0.email,
        u1_0.first_name,
        u1_0.is_active,
        u1_0.is_verified,
        u1_0.last_name,
        u1_0.password,
        u1_0.phone,
        u1_0.role,
        u1_0.specialization 
    from
        users u1_0 
    where
        u1_0.email=?
Hibernate: 
    select
        u1_0.id,
        u1_0.address,
        u1_0.created_at,
        u1_0.domain,
        u1_0.email,
        u1_0.first_name,
        u1_0.is_active,
        u1_0.is_verified,
        u1_0.last_name,
        u1_0.password,
        u1_0.phone,
        u1_0.role,
        u1_0.specialization 
    from
        users u1_0 
    where
        u1_0.email=?
Hibernate: 
    select
        u1_0.id,
        u1_0.address,
        u1_0.created_at,
        u1_0.domain,
        u1_0.email,
        u1_0.first_name,
        u1_0.is_active,
        u1_0.is_verified,
        u1_0.last_name,
        u1_0.password,
        u1_0.phone,
        u1_0.role,
        u1_0.specialization 
    from
        users u1_0 
    where
        u1_0.email=?
Hibernate: 
    select
        u1_0.id,
        u1_0.address,
        u1_0.created_at,
        u1_0.domain,
        u1_0.email,
        u1_0.first_name,
        u1_0.is_active,
        u1_0.is_verified,
        u1_0.last_name,
        u1_0.password,
        u1_0.phone,
        u1_0.role,
        u1_0.specialization 
    from
        users u1_0 
    where
        u1_0.email=?
Hibernate: 
    select
        u1_0.id,
        u1_0.address,
        u1_0.created_at,
        u1_0.domain,
        u1_0.email,
        u1_0.first_name,
        u1_0.is_active,
        u1_0.is_verified,
        u1_0.last_name,
        u1_0.password,
        u1_0.phone,
        u1_0.role,
        u1_0.specialization 
    from
        users u1_0 
    where
        u1_0.email=?
Hibernate: 
    select
        u1_0.id,
        u1_0.address,
        u1_0.created_at,
        u1_0.domain,
        u1_0.email,
        u1_0.first_name,
        u1_0.is_active,
        u1_0.is_verified,
        u1_0.last_name,
        u1_0.password,
        u1_0.phone,
        u1_0.role,
        u1_0.specialization 
    from
        users u1_0 
    where
        u1_0.email=?
Hibernate: 
    select
        u1_0.id,
        u1_0.address,
        u1_0.created_at,
        u1_0.domain,
        u1_0.email,
        u1_0.first_name,
        u1_0.is_active,
        u1_0.is_verified,
        u1_0.last_name,
        u1_0.password,
        u1_0.phone,
        u1_0.role,
        u1_0.specialization 
    from
        users u1_0 
    where
        u1_0.email=?
Hibernate: 
    select
        u1_0.id,
        u1_0.address,
        u1_0.created_at,
        u1_0.domain,
        u1_0.email,
        u1_0.first_name,
        u1_0.is_active,
        u1_0.is_verified,
        u1_0.last_name,
        u1_0.password,
        u1_0.phone,
        u1_0.role,
        u1_0.specialization 
    from
        users u1_0 
    where
        u1_0.email=?
Hibernate: 
    select
        u1_0.id,
        u1_0.address,
        u1_0.created_at,
        u1_0.domain,
        u1_0.email,
        u1_0.first_name,
        u1_0.is_active,
        u1_0.is_verified,
        u1_0.last_name,
        u1_0.password,
        u1_0.phone,
        u1_0.role,
        u1_0.specialization 
    from
        users u1_0 
    where
        u1_0.email=?
🎉 Database initialization completed!
2025-08-31T22:40:11.425+02:00 DEBUG 16538 --- [nio-8080-exec-1] o.s.security.web.FilterChainProxy        : Securing GET /h2-console/
2025-08-31T22:40:11.431+02:00 DEBUG 16538 --- [nio-8080-exec-1] o.s.s.w.a.AnonymousAuthenticationFilter  : Set SecurityContextHolder to anonymous SecurityContext
2025-08-31T22:40:11.431+02:00 DEBUG 16538 --- [nio-8080-exec-1] o.s.security.web.FilterChainProxy        : Secured GET /h2-console/
2025-08-31T22:41:16.072+02:00 DEBUG 16538 --- [nio-8080-exec-2] o.s.security.web.FilterChainProxy        : Securing POST /h2-console/login.do?jsessionid=c1af95be14f7839ab5dc39f55cb918c7
2025-08-31T22:41:16.076+02:00 DEBUG 16538 --- [nio-8080-exec-2] o.s.s.w.a.AnonymousAuthenticationFilter  : Set SecurityContextHolder to anonymous SecurityContext
2025-08-31T22:41:16.076+02:00 DEBUG 16538 --- [nio-8080-exec-2] o.s.security.web.FilterChainProxy        : Secured POST /h2-console/login.do?jsessionid=c1af95be14f7839ab5dc39f55cb918c7
2025-08-31T22:41:16.092+02:00 DEBUG 16538 --- [nio-8080-exec-3] o.s.security.web.FilterChainProxy        : Securing GET /h2-console/stylesheet.css
2025-08-31T22:41:16.093+02:00 DEBUG 16538 --- [nio-8080-exec-3] o.s.s.w.a.AnonymousAuthenticationFilter  : Set SecurityContextHolder to anonymous SecurityContext
2025-08-31T22:41:16.093+02:00 DEBUG 16538 --- [nio-8080-exec-3] o.s.security.web.FilterChainProxy        : Secured GET /h2-console/stylesheet.css
2025-08-31T22:41:16.109+02:00 DEBUG 16538 --- [nio-8080-exec-4] o.s.security.web.FilterChainProxy        : Securing GET /h2-console/login.jsp?jsessionid=31833f207cb16b7e93a7e1021cf9f398
2025-08-31T22:41:16.109+02:00 DEBUG 16538 --- [nio-8080-exec-4] o.s.s.w.a.AnonymousAuthenticationFilter  : Set SecurityContextHolder to anonymous SecurityContext
2025-08-31T22:41:16.109+02:00 DEBUG 16538 --- [nio-8080-exec-4] o.s.security.web.FilterChainProxy        : Secured GET /h2-console/login.jsp?jsessionid=31833f207cb16b7e93a7e1021cf9f398
2025-08-31T22:41:16.124+02:00 DEBUG 16538 --- [nio-8080-exec-5] o.s.security.web.FilterChainProxy        : Securing GET /h2-console/background.gif
2025-08-31T22:41:16.125+02:00 DEBUG 16538 --- [nio-8080-exec-5] o.s.s.w.a.AnonymousAuthenticationFilter  : Set SecurityContextHolder to anonymous SecurityContext
2025-08-31T22:41:16.125+02:00 DEBUG 16538 --- [nio-8080-exec-5] o.s.security.web.FilterChainProxy        : Secured GET /h2-console/background.gif
2025-08-31T22:41:18.874+02:00 DEBUG 16538 --- [nio-8080-exec-6] o.s.security.web.FilterChainProxy        : Securing POST /h2-console/test.do?jsessionid=31833f207cb16b7e93a7e1021cf9f398
2025-08-31T22:41:18.874+02:00 DEBUG 16538 --- [nio-8080-exec-6] o.s.s.w.a.AnonymousAuthenticationFilter  : Set SecurityContextHolder to anonymous SecurityContext
2025-08-31T22:41:18.875+02:00 DEBUG 16538 --- [nio-8080-exec-6] o.s.security.web.FilterChainProxy        : Secured POST /h2-console/test.do?jsessionid=31833f207cb16b7e93a7e1021cf9f398
2025-08-31T22:41:20.562+02:00 DEBUG 16538 --- [nio-8080-exec-7] o.s.security.web.FilterChainProxy        : Securing POST /h2-console/login.do?jsessionid=31833f207cb16b7e93a7e1021cf9f398
2025-08-31T22:41:20.562+02:00 DEBUG 16538 --- [nio-8080-exec-7] o.s.s.w.a.AnonymousAuthenticationFilter  : Set SecurityContextHolder to anonymous SecurityContext
2025-08-31T22:41:20.563+02:00 DEBUG 16538 --- [nio-8080-exec-7] o.s.security.web.FilterChainProxy        : Secured POST /h2-console/login.do?jsessionid=31833f207cb16b7e93a7e1021cf9f398
2025-08-31T22:41:24.250+02:00 DEBUG 16538 --- [nio-8080-exec-8] o.s.security.web.FilterChainProxy        : Securing GET /h2-console/index.do?jsessionid=31833f207cb16b7e93a7e1021cf9f398&setting=Generic%20H2%20(Server)
2025-08-31T22:41:24.250+02:00 DEBUG 16538 --- [nio-8080-exec-8] o.s.s.w.a.AnonymousAuthenticationFilter  : Set SecurityContextHolder to anonymous SecurityContext
2025-08-31T22:41:24.250+02:00 DEBUG 16538 --- [nio-8080-exec-8] o.s.security.web.FilterChainProxy        : Secured GET /h2-console/index.do?jsessionid=31833f207cb16b7e93a7e1021cf9f398&setting=Generic%20H2%20(Server)
2025-08-31T22:41:24.272+02:00 DEBUG 16538 --- [nio-8080-exec-9] o.s.security.web.FilterChainProxy        : Securing GET /h2-console/login.jsp?jsessionid=31833f207cb16b7e93a7e1021cf9f398
2025-08-31T22:41:24.272+02:00 DEBUG 16538 --- [nio-8080-exec-9] o.s.s.w.a.AnonymousAuthenticationFilter  : Set SecurityContextHolder to anonymous SecurityContext
2025-08-31T22:41:24.273+02:00 DEBUG 16538 --- [nio-8080-exec-9] o.s.security.web.FilterChainProxy        : Secured GET /h2-console/login.jsp?jsessionid=31833f207cb16b7e93a7e1021cf9f398
2025-08-31T22:41:25.254+02:00 DEBUG 16538 --- [io-8080-exec-10] o.s.security.web.FilterChainProxy        : Securing POST /h2-console/login.do?jsessionid=31833f207cb16b7e93a7e1021cf9f398
2025-08-31T22:41:25.254+02:00 DEBUG 16538 --- [io-8080-exec-10] o.s.s.w.a.AnonymousAuthenticationFilter  : Set SecurityContextHolder to anonymous SecurityContext
2025-08-31T22:41:25.254+02:00 DEBUG 16538 --- [io-8080-exec-10] o.s.security.web.FilterChainProxy        : Secured POST /h2-console/login.do?jsessionid=31833f207cb16b7e93a7e1021cf9f398
2025-08-31T22:41:26.514+02:00 DEBUG 16538 --- [nio-8080-exec-1] o.s.security.web.FilterChainProxy        : Securing GET /h2-console/stylesheet.css
2025-08-31T22:41:26.515+02:00 DEBUG 16538 --- [nio-8080-exec-1] o.s.s.w.a.AnonymousAuthenticationFilter  : Set SecurityContextHolder to anonymous SecurityContext
2025-08-31T22:41:26.515+02:00 DEBUG 16538 --- [nio-8080-exec-1] o.s.security.web.FilterChainProxy        : Secured GET /h2-console/stylesheet.css
2025-08-31T22:43:21.831+02:00  INFO 16538 --- [ionShutdownHook] j.LocalContainerEntityManagerFactoryBean : Closing JPA EntityManagerFactory for persistence unit 'default'
2025-08-31T22:43:21.833+02:00  INFO 16538 --- [ionShutdownHook] com.zaxxer.hikari.HikariDataSource       : HikariPool-1 - Shutdown initiated...
2025-08-31T22:43:21.842+02:00  INFO 16538 --- [ionShutdownHook] com.zaxxer.hikari.HikariDataSource       : HikariPool-1 - Shutdown completed.
